INFO 2024-12-26 18:30:00 User logged in
ERROR 2024-12-26 18:31:00 Failed to load resource
DEBUG 2024-12-26 18:32:00 Resource loaded successfully
INFO 2024-12-26 18:33:00 User logged out
WARN 2024-12-26 18:34:00 Low disk space
INFO 2024-12-26 18:35:00 User logged in
ERROR 2024-12-26 18:36:00 Failed to save file
DEBUG 2024-12-26 18:37:00 File saved successfully
INFO 2024-12-26 18:38:00 User logged out
WARN 2024-12-26 18:39:00 High memory usage
INFO 2024-12-26 18:40:00 User logged in
ERROR 2024-12-26 18:41:00 Failed to connect to server
DEBUG 2024-12-26 18:42:00 Connection established
INFO 2024-12-26 18:43:00 User logged out
WARN 2024-12-26 18:44:00 Low battery
INFO 2024-12-26 18:45:00 User logged in
ERROR 2024-12-26 18:46:00 Failed to upload file
DEBUG 2024-12-26 18:47:00 File uploaded successfully
INFO 2024-12-26 18:48:00 User logged out
WARN 2024-12-26 18:49:00 High CPU usage
INFO 2024-12-26 18:50:00 User logged in
ERROR 2024-12-26 18:51:00 Failed to download file
DEBUG 2024-12-26 18:52:00 File downloaded successfully
INFO 2024-12-26 18:53:00 User logged out
WARN 2024-12-26 18:54:00 Low memory
INFO 2024-12-26 18:55:00 User logged in
ERROR 2024-12-26 18:56:00 Failed to open file
DEBUG 2024-12-26 18:57:00 File opened successfully
INFO 2024-12-26 18:58:00 User logged out
WARN 2024-12-26 18:59:00 High network usage
INFO 2024-12-26 18:30:00 User logged in
ERROR 2024-12-26 18:31:00 Failed to load resource
DEBUG 2024-12-26 18:32:00 Resource loaded successfully
INFO 2024-12-26 18:33:00 User logged out
WARN 2024-12-26 18:34:00 Low disk space
INFO 2024-12-26 18:35:00 User logged in
ERROR 2024-12-26 18:36:00 Failed to save file
DEBUG 2024-12-26 18:37:00 File saved successfully
INFO 2024-12-26 18:38:00 User logged out
WARN 2024-12-26 18:39:00 High memory usage
INFO 2024-12-26 18:40:00 User logged in
ERROR 2024-12-26 18:41:00 Failed to connect to server
DEBUG 2024-12-26 18:42:00 Connection established
INFO 2024-12-26 18:43:00 User logged out
WARN 2024-12-26 18:44:00 Low battery
INFO 2024-12-26 18:45:00 User logged in
ERROR 2024-12-26 18:46:00 Failed to upload file
DEBUG 2024-12-26 18:47:00 File uploaded successfully
INFO 2024-12-26 18:48:00 User logged out
WARN 2024-12-26 18:49:00 High CPU usage
INFO 2024-12-26 18:50:00 User logged in
ERROR 2024-12-26 18:51:00 Failed to download file
DEBUG 2024-12-26 18:52:00 File downloaded successfully
INFO 2024-12-26 18:53:00 User logged out
WARN 2024-12-26 18:54:00 Low memory
INFO 2024-12-26 18:55:00 User logged in
ERROR 2024-12-26 18:56:00 Failed to open file
DEBUG 2024-12-26 18:57:00 File opened successfully
INFO 2024-12-26 18:58:00 User logged out
WARN 2024-12-26 18:59:00 High network usage
INFO 2024-12-26 18:30:00 User logged in
ERROR 2024-12-26 18:31:00 Failed to load resource
DEBUG 2024-12-26 18:32:00 Resource loaded successfully
INFO 2024-12-26 18:33:00 User logged out
WARN 2024-12-26 18:34:00 Low disk space
INFO 2024-12-26 18:35:00 User logged in
ERROR 2024-12-26 18:36:00 Failed to save file
DEBUG 2024-12-26 18:37:00 File saved successfully
INFO 2024-12-26 18:38:00 User logged out
WARN 2024-12-26 18:39:00 High memory usage
INFO 2024-12-26 18:40:00 User logged in
ERROR 2024-12-26 18:41:00 Failed to connect to server
DEBUG 2024-12-26 18:42:00 Connection established
INFO 2024-12-26 18:43:00 User logged out
WARN 2024-12-26 18:44:00 Low battery
INFO 2024-12-26 18:45:00 User logged in
ERROR 2024-12-26 18:46:00 Failed to upload file
DEBUG 2024-12-26 18:47:00 File uploaded successfully
INFO 2024-12-26 18:48:00 User logged out
WARN 2024-12-26 18:49:00 High CPU usage
INFO 2024-12-26 18:50:00 User logged in
ERROR 2024-12-26 18:51:00 Failed to download file
DEBUG 2024-12-26 18:52:00 File downloaded successfully
INFO 2024-12-26 18:53:00 User logged out
WARN 2024-12-26 18:54:00 Low memory
INFO 2024-12-26 18:55:00 User logged in
ERROR 2024-12-26 18:56:00 Failed to open file
DEBUG 2024-12-26 18:57:00 File opened successfully
INFO 2024-12-26 18:58:00 User logged out
WARN 2024-12-26 18:59:00 High network usage
INFO 2024-12-26 18:30:00 User logged in
ERROR 2024-12-26 18:31:00 Failed to load resource
DEBUG 2024-12-26 18:32:00 Resource loaded successfully
INFO 2024-12-26 18:33:00 User logged out
WARN 2024-12-26 18:34:00 Low disk space
INFO 2024-12-26 18:35:00 User logged in
ERROR 2024-12-26 18:36:00 Failed to save file
DEBUG 2024-12-26 18:37:00 File saved successfully
INFO 2024-12-26 18:38:00 User logged out
WARN 2024-12-26 18:39:00 High memory usage
INFO 2024-12-26 18:40:00 User logged in
ERROR 2024-12-26 18:41:00 Failed to connect to server
DEBUG 2024-12-26 18:42:00 Connection established
INFO 2024-12-26 18:43:00 User logged out
WARN 2024-12-26 18:44:00 Low battery
INFO 2024-12-26 18:45:00 User logged in
ERROR 2024-12-26 18:46:00 Failed to upload file
DEBUG 2024-12-26 18:47:00 File uploaded successfully
INFO 2024-12-26 18:48:00 User logged out
WARN 2024-12-26 18:49:00 High CPU usage
INFO 2024-12-26 18:50:00 User logged in
ERROR 2024-12-26 18:51:00 Failed to download file
DEBUG 2024-12-26 18:52:00 File downloaded successfully
INFO 2024-12-26 18:53:00 User logged out
WARN 2024-12-26 18:54:00 Low memory
INFO 2024-12-26 18:55:00 User logged in
ERROR 2024-12-26 18:56:00 Failed to open file
DEBUG 2024-12-26 18:57:00 File opened successfully
INFO 2024-12-26 18:58:00 User logged out
WARN 2024-12-26 18:59:00 High network usage
INFO 2024-12-26 18:30:00 User logged in
ERROR 2024-12-26 18:31:00 Failed to load resource
DEBUG 2024-12-26 18:32:00 Resource loaded successfully
INFO 2024-12-26 18:33:00 User logged out
WARN 2024-12-26 18:34:00 Low disk space
INFO 2024-12-26 18:35:00 User logged in
ERROR 2024-12-26 18:36:00 Failed to save file
DEBUG 2024-12-26 18:37:00 File saved successfully
INFO 2024-12-26 18:38:00 User logged out
WARN 2024-12-26 18:39:00 High memory usage
INFO 2024-12-26 18:40:00 User logged in
ERROR 2024-12-26 18:41:00 Failed to connect to server
DEBUG 2024-12-26 18:42:00 Connection established
INFO 2024-12-26 18:43:00 User logged out
WARN 2024-12-26 18:44:00 Low battery
INFO 2024-12-26 18:45:00 User logged in
ERROR 2024-12-26 18:46:00 Failed to upload file
DEBUG 2024-12-26 18:47:00 File uploaded successfully
INFO 2024-12-26 18:48:00 User logged out
WARN 2024-12-26 18:49:00 High CPU usage
INFO 2024-12-26 18:50:00 User logged in
ERROR 2024-12-26 18:51:00 Failed to download file
DEBUG 2024-12-26 18:52:00 File downloaded successfully
INFO 2024-12-26 18:53:00 User logged out
WARN 2024-12-26 18:54:00 Low memory
INFO 2024-12-26 18:55:00 User logged in
ERROR 2024-12-26 18:56:00 Failed to open file
DEBUG 2024-12-26 18:57:00 File opened successfully
INFO 2024-12-26 18:58:00 User logged out
WARN 2024-12-26 18:59:00 High network usage
INFO 2024-12-26 18:30:00 User logged in
ERROR 2024-12-26 18:31:00 Failed to load resource
DEBUG 2024-12-26 18:32:00 Resource loaded successfully
INFO 2024-12-26 18:33:00 User logged out
WARN 2024-12-26 18:34:00 Low disk space
INFO 2024-12-26 18:35:00 User logged in
ERROR 2024-12-26 18:36:00 Failed to save file
DEBUG 2024-12-26 18:37:00 File saved successfully
INFO 2024-12-26 18:38:00 User logged out
WARN 2024-12-26 18:39:00 High memory usage
INFO 2024-12-26 18:40:00 User logged in
ERROR 2024-12-26 18:41:00 Failed to connect to server
DEBUG 2024-12-26 18:42:00 Connection established
INFO 2024-12-26 18:43:00 User logged out
WARN 2024-12-26 18:44:00 Low battery
INFO 2024-12-26 18:45:00 User logged in
ERROR 2024-12-26 18:46:00 Failed to upload file
DEBUG 2024-12-26 18:47:00 File uploaded successfully
INFO 2024-12-26 18:48:00 User logged out
WARN 2024-12-26 18:49:00 High CPU usage
INFO 2024-12-26 18:50:00 User logged in
ERROR 2024-12-26 18:51:00 Failed to download file
DEBUG 2024-12-26 18:52:00 File downloaded successfully
INFO 2024-12-26 18:53:00 User logged out
WARN 2024-12-26 18:54:00 Low memory
INFO 2024-12-26 18:55:00 User logged in
ERROR 2024-12-26 18:56:00 Failed to open file
DEBUG 2024-12-26 18:57:00 File opened successfully
INFO 2024-12-26 18:58:00 User logged out
WARN 2024-12-26 18:59:00 High network usage
INFO 2024-12-26 18:30:00 User logged in
ERROR 2024-12-26 18:31:00 Failed to load resource
DEBUG 2024-12-26 18:32:00 Resource loaded successfully
INFO 2024-12-26 18:33:00 User logged out
WARN 2024-12-26 18:34:00 Low disk space
INFO 2024-12-26 18:35:00 User logged in
ERROR 2024-12-26 18:36:00 Failed to save file
DEBUG 2024-12-26 18:37:00 File saved successfully
INFO 2024-12-26 18:38:00 User logged out
WARN 2024-12-26 18:39:00 High memory usage
INFO 2024-12-26 18:40:00 User logged in
ERROR 2024-12-26 18:41:00 Failed to connect to server
DEBUG 2024-12-26 18:42:00 Connection established
INFO 2024-12-26 18:43:00 User logged out
WARN 2024-12-26 18:44:00 Low battery
INFO 2024-12-26 18:45:00 User logged in
ERROR 2024-12-26 18:46:00 Failed to upload file
DEBUG 2024-12-26 18:47:00 File uploaded successfully
INFO 2024-12-26 18:48:00 User logged out
WARN 2024-12-26 18:49:00 High CPU usage
INFO 2024-12-26 18:50:00 User logged in
ERROR 2024-12-26 18:51:00 Failed to download file
DEBUG 2024-12-26 18:52:00 File downloaded successfully
INFO 2024-12-26 18:53:00 User logged out
WARN 2024-12-26 18:54:00 Low memory
INFO 2024-12-26 18:55:00 User logged in
ERROR 2024-12-26 18:56:00 Failed to open file
DEBUG 2024-12-26 18:57:00 File opened successfully
INFO 2024-12-26 18:58:00 User logged out
WARN 2024-12-26 18:59:00 High network usage
INFO 2024-12-26 18:30:00 User logged in
ERROR 2024-12-26 18:31:00 Failed to load resource
DEBUG 2024-12-26 18:32:00 Resource loaded successfully
INFO 2024-12-26 18:33:00 User logged out
WARN 2024-12-26 18:34:00 Low disk space
INFO 2024-12-26 18:35:00 User logged in
ERROR 2024-12-26 18:36:00 Failed to save file
DEBUG 2024-12-26 18:37:00 File saved successfully
INFO 2024-12-26 18:38:00 User logged out
WARN 2024-12-26 18:39:00 High memory usage
INFO 2024-12-26 18:40:00 User logged in
ERROR 2024-12-26 18:41:00 Failed to connect to server
DEBUG 2024-12-26 18:42:00 Connection established
INFO 2024-12-26 18:43:00 User logged out
WARN 2024-12-26 18:44:00 Low battery
INFO 2024-12-26 18:45:00 User logged in
ERROR 2024-12-26 18:46:00 Failed to upload file
DEBUG 2024-12-26 18:47:00 File uploaded successfully
INFO 2024-12-26 18:48:00 User logged out
WARN 2024-12-26 18:49:00 High CPU usage
INFO 2024-12-26 18:50:00 User logged in
ERROR 2024-12-26 18:51:00 Failed to download file
DEBUG 2024-12-26 18:52:00 File downloaded successfully
INFO 2024-12-26 18:53:00 User logged out
WARN 2024-12-26 18:54:00 Low memory
INFO 2024-12-26 18:55:00 User logged in
ERROR 2024-12-26 18:56:00 Failed to open file
DEBUG 2024-12-26 18:57:00 File opened successfully
INFO 2024-12-26 18:58:00 User logged out
WARN 2024-12-26 18:59:00 High network usage
INFO 2024-12-26 18:30:00 User logged in
ERROR 2024-12-26 18:31:00 Failed to load resource
DEBUG 2024-12-26 18:32:00 Resource loaded successfully
INFO 2024-12-26 18:33:00 User logged out
WARN 2024-12-26 18:34:00 Low disk space
INFO 2024-12-26 18:35:00 User logged in
ERROR 2024-12-26 18:36:00 Failed to save file
DEBUG 2024-12-26 18:37:00 File saved successfully
INFO 2024-12-26 18:38:00 User logged out
WARN 2024-12-26 18:39:00 High memory usage
INFO 2024-12-26 18:40:00 User logged in
ERROR 2024-12-26 18:41:00 Failed to connect to server
DEBUG 2024-12-26 18:42:00 Connection established
INFO 2024-12-26 18:43:00 User logged out
WARN 2024-12-26 18:44:00 Low battery
INFO 2024-12-26 18:45:00 User logged in
ERROR 2024-12-26 18:46:00 Failed to upload file
DEBUG 2024-12-26 18:47:00 File uploaded successfully
INFO 2024-12-26 18:48:00 User logged out
WARN 2024-12-26 18:49:00 High CPU usage
INFO 2024-12-26 18:50:00 User logged in
ERROR 2024-12-26 18:51:00 Failed to download file
DEBUG 2024-12-26 18:52:00 File downloaded successfully
INFO 2024-12-26 18:53:00 User logged out
WARN 2024-12-26 18:54:00 Low memory
INFO 2024-12-26 18:55:00 User logged in
ERROR 2024-12-26 18:56:00 Failed to open file
DEBUG 2024-12-26 18:57:00 File opened successfully
INFO 2024-12-26 18:58:00 User logged out
WARN 2024-12-26 18:59:00 High network usage
INFO 2024-12-26 18:30:00 User logged in
ERROR 2024-12-26 18:31:00 Failed to load resource
DEBUG 2024-12-26 18:32:00 Resource loaded successfully
INFO 2024-12-26 18:33:00 User logged out
WARN 2024-12-26 18:34:00 Low disk space
INFO 2024-12-26 18:35:00 User logged in
ERROR 2024-12-26 18:36:00 Failed to save file
DEBUG 2024-12-26 18:37:00 File saved successfully
INFO 2024-12-26 18:38:00 User logged out
WARN 2024-12-26 18:39:00 High memory usage
INFO 2024-12-26 18:40:00 User logged in
ERROR 2024-12-26 18:41:00 Failed to connect to server
DEBUG 2024-12-26 18:42:00 Connection established
INFO 2024-12-26 18:43:00 User logged out
WARN 2024-12-26 18:44:00 Low battery
INFO 2024-12-26 18:45:00 User logged in
ERROR 2024-12-26 18:46:00 Failed to upload file
DEBUG 2024-12-26 18:47:00 File uploaded successfully
INFO 2024-12-26 18:48:00 User logged out
WARN 2024-12-26 18:49:00 High CPU usage
INFO 2024-12-26 18:50:00 User logged in
ERROR 2024-12-26 18:51:00 Failed to download file
DEBUG 2024-12-26 18:52:00 File downloaded successfully
INFO 2024-12-26 18:53:00 User logged out
WARN 2024-12-26 18:54:00 Low memory
INFO 2024-12-26 18:55:00 User logged in
ERROR 2024-12-26 18:56:00 Failed to open file
DEBUG 2024-12-26 18:57:00 File opened successfully
INFO 2024-12-26 18:58:00 User logged out
WARN 2024-12-26 18:59:00 High network usage
INFO 2024-12-26 18:30:00 User logged in
ERROR 2024-12-26 18:31:00 Failed to load resource
DEBUG 2024-12-26 18:32:00 Resource loaded successfully
INFO 2024-12-26 18:33:00 User logged out
WARN 2024-12-26 18:34:00 Low disk space
INFO 2024-12-26 18:35:00 User logged in
ERROR 2024-12-26 18:36:00 Failed to save file
DEBUG 2024-12-26 18:37:00 File saved successfully
INFO 2024-12-26 18:38:00 User logged out
WARN 2024-12-26 18:39:00 High memory usage
INFO 2024-12-26 18:40:00 User logged in
ERROR 2024-12-26 18:41:00 Failed to connect to server
DEBUG 2024-12-26 18:42:00 Connection established
INFO 2024-12-26 18:43:00 User logged out
WARN 2024-12-26 18:44:00 Low battery
INFO 2024-12-26 18:45:00 User logged in
ERROR 2024-12-26 18:46:00 Failed to upload file
DEBUG 2024-12-26 18:47:00 File uploaded successfully
INFO 2024-12-26 18:48:00 User logged out
WARN 2024-12-26 18:49:00 High CPU usage
INFO 2024-12-26 18:50:00 User logged in
ERROR 2024-12-26 18:51:00 Failed to download file
DEBUG 2024-12-26 18:52:00 File downloaded successfully
INFO 2024-12-26 18:53:00 User logged out
WARN 2024-12-26 18:54:00 Low memory
INFO 2024-12-26 18:55:00 User logged in
ERROR 2024-12-26 18:56:00 Failed to open file
DEBUG 2024-12-26 18:57:00 File opened successfully
INFO 2024-12-26 18:58:00 User logged out
WARN 2024-12-26 18:59:00 High network usage
INFO 2024-12-26 18:30:00 User logged in
ERROR 2024-12-26 18:31:00 Failed to load resource
DEBUG 2024-12-26 18:32:00 Resource loaded successfully
INFO 2024-12-26 18:33:00 User logged out
WARN 2024-12-26 18:34:00 Low disk space
INFO 2024-12-26 18:35:00 User logged in
ERROR 2024-12-26 18:36:00 Failed to save file
DEBUG 2024-12-26 18:37:00 File saved successfully
INFO 2024-12-26 18:38:00 User logged out
WARN 2024-12-26 18:39:00 High memory usage
INFO 2024-12-26 18:40:00 User logged in
ERROR 2024-12-26 18:41:00 Failed to connect to server
DEBUG 2024-12-26 18:42:00 Connection established
INFO 2024-12-26 18:43:00 User logged out
WARN 2024-12-26 18:44:00 Low battery
INFO 2024-12-26 18:45:00 User logged in
ERROR 2024-12-26 18:46:00 Failed to upload file
DEBUG 2024-12-26 18:47:00 File uploaded successfully
INFO 2024-12-26 18:48:00 User logged out
WARN 2024-12-26 18:49:00 High CPU usage
INFO 2024-12-26 18:50:00 User logged in
ERROR 2024-12-26 18:51:00 Failed to download file
DEBUG 2024-12-26 18:52:00 File downloaded successfully
INFO 2024-12-26 18:53:00 User logged out
WARN 2024-12-26 18:54:00 Low memory
INFO 2024-12-26 18:55:00 User logged in
ERROR 2024-12-26 18:56:00 Failed to open file
DEBUG 2024-12-26 18:57:00 File opened successfully
INFO 2024-12-26 18:58:00 User logged out
WARN 2024-12-26 18:59:00 High network usage
INFO 2024-12-26 18:30:00 User logged in
ERROR 2024-12-26 18:31:00 Failed to load resource
DEBUG 2024-12-26 18:32:00 Resource loaded successfully
INFO 2024-12-26 18:33:00 User logged out
WARN 2024-12-26 18:34:00 Low disk space
INFO 2024-12-26 18:35:00 User logged in
ERROR 2024-12-26 18:36:00 Failed to save file
DEBUG 2024-12-26 18:37:00 File saved successfully
INFO 2024-12-26 18:38:00 User logged out
WARN 2024-12-26 18:39:00 High memory usage
INFO 2024-12-26 18:40:00 User logged in
ERROR 2024-12-26 18:41:00 Failed to connect to server
DEBUG 2024-12-26 18:42:00 Connection established
INFO 2024-12-26 18:43:00 User logged out
WARN 2024-12-26 18:44:00 Low battery
INFO 2024-12-26 18:45:00 User logged in
ERROR 2024-12-26 18:46:00 Failed to upload file
DEBUG 2024-12-26 18:47:00 File uploaded successfully
INFO 2024-12-26 18:48:00 User logged out
WARN 2024-12-26 18:49:00 High CPU usage
INFO 2024-12-26 18:50:00 User logged in
ERROR 2024-12-26 18:51:00 Failed to download file
DEBUG 2024-12-26 18:52:00 File downloaded successfully
INFO 2024-12-26 18:53:00 User logged out
WARN 2024-12-26 18:54:00 Low memory
INFO 2024-12-26 18:55:00 User logged in
ERROR 2024-12-26 18:56:00 Failed to open file
DEBUG 2024-12-26 18:57:00 File opened successfully
INFO 2024-12-26 18:58:00 User logged out
WARN 2024-12-26 18:59:00 High network usage
INFO 2024-12-26 18:30:00 User logged in
ERROR 2024-12-26 18:31:00 Failed to load resource
DEBUG 2024-12-26 18:32:00 Resource loaded successfully
INFO 2024-12-26 18:33:00 User logged out
WARN 2024-12-26 18:34:00 Low disk space
INFO 2024-12-26 18:35:00 User logged in
ERROR 2024-12-26 18:36:00 Failed to save file
DEBUG 2024-12-26 18:37:00 File saved successfully
INFO 2024-12-26 18:38:00 User logged out
WARN 2024-12-26 18:39:00 High memory usage
INFO 2024-12-26 18:40:00 User logged in
ERROR 2024-12-26 18:41:00 Failed to connect to server
DEBUG 2024-12-26 18:42:00 Connection established
INFO 2024-12-26 18:43:00 User logged out
WARN 2024-12-26 18:44:00 Low battery
INFO 2024-12-26 18:45:00 User logged in
ERROR 2024-12-26 18:46:00 Failed to upload file
DEBUG 2024-12-26 18:47:00 File uploaded successfully
INFO 2024-12-26 18:48:00 User logged out
WARN 2024-12-26 18:49:00 High CPU usage
INFO 2024-12-26 18:50:00 User logged in
ERROR 2024-12-26 18:51:00 Failed to download file
DEBUG 2024-12-26 18:52:00 File downloaded successfully
INFO 2024-12-26 18:53:00 User logged out
WARN 2024-12-26 18:54:00 Low memory
INFO 2024-12-26 18:55:00 User logged in
ERROR 2024-12-26 18:56:00 Failed to open file
DEBUG 2024-12-26 18:57:00 File opened successfully
INFO 2024-12-26 18:58:00 User logged out
WARN 2024-12-26 18:59:00 High network usage
INFO 2024-12-26 18:30:00 User logged in
ERROR 2024-12-26 18:31:00 Failed to load resource
DEBUG 2024-12-26 18:32:00 Resource loaded successfully
INFO 2024-12-26 18:33:00 User logged out
WARN 2024-12-26 18:34:00 Low disk space
INFO 2024-12-26 18:35:00 User logged in
ERROR 2024-12-26 18:36:00 Failed to save file
DEBUG 2024-12-26 18:37:00 File saved successfully
INFO 2024-12-26 18:38:00 User logged out
WARN 2024-12-26 18:39:00 High memory usage
INFO 2024-12-26 18:40:00 User logged in
ERROR 2024-12-26 18:41:00 Failed to connect to server
DEBUG 2024-12-26 18:42:00 Connection established
INFO 2024-12-26 18:43:00 User logged out
WARN 2024-12-26 18:44:00 Low battery
INFO 2024-12-26 18:45:00 User logged in
ERROR 2024-12-26 18:46:00 Failed to upload file
DEBUG 2024-12-26 18:47:00 File uploaded successfully
INFO 2024-12-26 18:48:00 User logged out
WARN 2024-12-26 18:49:00 High CPU usage
INFO 2024-12-26 18:50:00 User logged in
ERROR 2024-12-26 18:51:00 Failed to download file
DEBUG 2024-12-26 18:52:00 File downloaded successfully
INFO 2024-12-26 18:53:00 User logged out
WARN 2024-12-26 18:54:00 Low memory
INFO 2024-12-26 18:55:00 User logged in
ERROR 2024-12-26 18:56:00 Failed to open file
DEBUG 2024-12-26 18:57:00 File opened successfully
INFO 2024-12-26 18:58:00 User logged out
WARN 2024-12-26 18:59:00 High network usage
INFO 2024-12-26 18:30:00 User logged in
ERROR 2024-12-26 18:31:00 Failed to load resource
DEBUG 2024-12-26 18:32:00 Resource loaded successfully
INFO 2024-12-26 18:33:00 User logged out
WARN 2024-12-26 18:34:00 Low disk space
INFO 2024-12-26 18:35:00 User logged in
ERROR 2024-12-26 18:36:00 Failed to save file
DEBUG 2024-12-26 18:37:00 File saved successfully
INFO 2024-12-26 18:38:00 User logged out
WARN 2024-12-26 18:39:00 High memory usage
INFO 2024-12-26 18:40:00 User logged in
ERROR 2024-12-26 18:41:00 Failed to connect to server
DEBUG 2024-12-26 18:42:00 Connection established
INFO 2024-12-26 18:43:00 User logged out
WARN 2024-12-26 18:44:00 Low battery
INFO 2024-12-26 18:45:00 User logged in
ERROR 2024-12-26 18:46:00 Failed to upload file
DEBUG 2024-12-26 18:47:00 File uploaded successfully
INFO 2024-12-26 18:48:00 User logged out
WARN 2024-12-26 18:49:00 High CPU usage
INFO 2024-12-26 18:50:00 User logged in
ERROR 2024-12-26 18:51:00 Failed to download file
DEBUG 2024-12-26 18:52:00 File downloaded successfully
INFO 2024-12-26 18:53:00 User logged out
WARN 2024-12-26 18:54:00 Low memory
INFO 2024-12-26 18:55:00 User logged in
ERROR 2024-12-26 18:56:00 Failed to open file
DEBUG 2024-12-26 18:57:00 File opened successfully
INFO 2024-12-26 18:58:00 User logged out
WARN 2024-12-26 18:59:00 High network usage
INFO 2024-12-26 18:30:00 User logged in
ERROR 2024-12-26 18:31:00 Failed to load resource
DEBUG 2024-12-26 18:32:00 Resource loaded successfully
INFO 2024-12-26 18:33:00 User logged out
WARN 2024-12-26 18:34:00 Low disk space
INFO 2024-12-26 18:35:00 User logged in
ERROR 2024-12-26 18:36:00 Failed to save file
DEBUG 2024-12-26 18:37:00 File saved successfully
INFO 2024-12-26 18:38:00 User logged out
WARN 2024-12-26 18:39:00 High memory usage
INFO 2024-12-26 18:40:00 User logged in
ERROR 2024-12-26 18:41:00 Failed to connect to server
DEBUG 2024-12-26 18:42:00 Connection established
INFO 2024-12-26 18:43:00 User logged out
WARN 2024-12-26 18:44:00 Low battery
INFO 2024-12-26 18:45:00 User logged in
ERROR 2024-12-26 18:46:00 Failed to upload file
DEBUG 2024-12-26 18:47:00 File uploaded successfully
INFO 2024-12-26 18:48:00 User logged out
WARN 2024-12-26 18:49:00 High CPU usage
INFO 2024-12-26 18:50:00 User logged in
ERROR 2024-12-26 18:51:00 Failed to download file
DEBUG 2024-12-26 18:52:00 File downloaded successfully
INFO 2024-12-26 18:53:00 User logged out
WARN 2024-12-26 18:54:00 Low memory
INFO 2024-12-26 18:55:00 User logged in
ERROR 2024-12-26 18:56:00 Failed to open file
DEBUG 2024-12-26 18:57:00 File opened successfully
INFO 2024-12-26 18:58:00 User logged out
WARN 2024-12-26 18:59:00 High network usage
INFO 2024-12-26 18:30:00 User logged in
ERROR 2024-12-26 18:31:00 Failed to load resource
DEBUG 2024-12-26 18:32:00 Resource loaded successfully
INFO 2024-12-26 18:33:00 User logged out
WARN 2024-12-26 18:34:00 Low disk space
INFO 2024-12-26 18:35:00 User logged in
ERROR 2024-12-26 18:36:00 Failed to save file
DEBUG 2024-12-26 18:37:00 File saved successfully
INFO 2024-12-26 18:38:00 User logged out
WARN 2024-12-26 18:39:00 High memory usage
INFO 2024-12-26 18:40:00 User logged in
ERROR 2024-12-26 18:41:00 Failed to connect to server
DEBUG 2024-12-26 18:42:00 Connection established
INFO 2024-12-26 18:43:00 User logged out
WARN 2024-12-26 18:44:00 Low battery
INFO 2024-12-26 18:45:00 User logged in
ERROR 2024-12-26 18:46:00 Failed to upload file
DEBUG 2024-12-26 18:47:00 File uploaded successfully
INFO 2024-12-26 18:48:00 User logged out
WARN 2024-12-26 18:49:00 High CPU usage
INFO 2024-12-26 18:50:00 User logged in
ERROR 2024-12-26 18:51:00 Failed to download file
DEBUG 2024-12-26 18:52:00 File downloaded successfully
INFO 2024-12-26 18:53:00 User logged out
WARN 2024-12-26 18:54:00 Low memory
INFO 2024-12-26 18:55:00 User logged in
ERROR 2024-12-26 18:56:00 Failed to open file
DEBUG 2024-12-26 18:57:00 File opened successfully
INFO 2024-12-26 18:58:00 User logged out
WARN 2024-12-26 18:59:00 High network usage

