2024-12-26 18:30:00 [INFO] Starting process
2024-12-26 18:31:00 [ERROR] Process failed
2024-12-26 18:32:00 [DEBUG] Retrying process
2024-12-26 18:33:00 [INFO] Process started
2024-12-26 18:34:00 [WARN] Potential issue detected
2024-12-26 18:35:00 [INFO] Process completed
2024-12-26 18:36:00 [ERROR] Process failed again
2024-12-26 18:37:00 [DEBUG] Debugging process
2024-12-26 18:38:00 [INFO] Process restarted
2024-12-26 18:39:00 [WARN] Issue resolved
2024-12-26 18:40:00 [INFO] Process terminated
2024-12-26 18:41:00 [ERROR] Process encountered an error
2024-12-26 18:42:00 [DEBUG] Analyzing error
2024-12-26 18:43:00 [INFO] Process resumed
2024-12-26 18:44:00 [WARN] Low disk space
2024-12-26 18:45:00 [INFO] Process running smoothly
2024-12-26 18:46:00 [ERROR] Process crashed
2024-12-26 18:47:00 [DEBUG] Restarting process
2024-12-26 18:48:00 [INFO] Process up and running
2024-12-26 18:49:00 [WARN] High memory usage
2024-12-26 18:50:00 [INFO] Process completed successfully
2024-12-26 18:51:00 [ERROR] Process failed during shutdown
2024-12-26 18:52:00 [DEBUG] Investigating failure
2024-12-26 18:53:00 [INFO] Process shutdown completed
2024-12-26 18:54:00 [WARN] High CPU usage
2024-12-26 18:55:00 [INFO] Process restarted
2024-12-26 18:56:00 [ERROR] Process failed to start
2024-12-26 18:57:00 [DEBUG] Troubleshooting startup issue
2024-12-26 18:58:00 [INFO] Process started successfully
2024-12-26 18:59:00 [WARN] Low memory
2024-12-26 18:30:00 [INFO] Starting process
2024-12-26 18:31:00 [ERROR] Process failed
2024-12-26 18:32:00 [DEBUG] Retrying process
2024-12-26 18:33:00 [INFO] Process started
2024-12-26 18:34:00 [WARN] Potential issue detected
2024-12-26 18:35:00 [INFO] Process completed
2024-12-26 18:36:00 [ERROR] Process failed again
2024-12-26 18:37:00 [DEBUG] Debugging process
2024-12-26 18:38:00 [INFO] Process restarted
2024-12-26 18:39:00 [WARN] Issue resolved
2024-12-26 18:40:00 [INFO] Process terminated
2024-12-26 18:41:00 [ERROR] Process encountered an error
2024-12-26 18:42:00 [DEBUG] Analyzing error
2024-12-26 18:43:00 [INFO] Process resumed
2024-12-26 18:44:00 [WARN] Low disk space
2024-12-26 18:45:00 [INFO] Process running smoothly
2024-12-26 18:46:00 [ERROR] Process crashed
2024-12-26 18:47:00 [DEBUG] Restarting process
2024-12-26 18:48:00 [INFO] Process up and running
2024-12-26 18:49:00 [WARN] High memory usage
2024-12-26 18:50:00 [INFO] Process completed successfully
2024-12-26 18:51:00 [ERROR] Process failed during shutdown
2024-12-26 18:52:00 [DEBUG] Investigating failure
2024-12-26 18:53:00 [INFO] Process shutdown completed
2024-12-26 18:54:00 [WARN] High CPU usage
2024-12-26 18:55:00 [INFO] Process restarted
2024-12-26 18:56:00 [ERROR] Process failed to start
2024-12-26 18:57:00 [DEBUG] Troubleshooting startup issue
2024-12-26 18:58:00 [INFO] Process started successfully
2024-12-26 18:59:00 [WARN] Low memory
2024-12-26 18:30:00 [INFO] Starting process
2024-12-26 18:31:00 [ERROR] Process failed
2024-12-26 18:32:00 [DEBUG] Retrying process
2024-12-26 18:33:00 [INFO] Process started
2024-12-26 18:34:00 [WARN] Potential issue detected
2024-12-26 18:35:00 [INFO] Process completed
2024-12-26 18:36:00 [ERROR] Process failed again
2024-12-26 18:37:00 [DEBUG] Debugging process
2024-12-26 18:38:00 [INFO] Process restarted
2024-12-26 18:39:00 [WARN] Issue resolved
2024-12-26 18:40:00 [INFO] Process terminated
2024-12-26 18:41:00 [ERROR] Process encountered an error
2024-12-26 18:42:00 [DEBUG] Analyzing error
2024-12-26 18:43:00 [INFO] Process resumed
2024-12-26 18:44:00 [WARN] Low disk space
2024-12-26 18:45:00 [INFO] Process running smoothly
2024-12-26 18:46:00 [ERROR] Process crashed
2024-12-26 18:47:00 [DEBUG] Restarting process
2024-12-26 18:48:00 [INFO] Process up and running
2024-12-26 18:49:00 [WARN] High memory usage
2024-12-26 18:50:00 [INFO] Process completed successfully
2024-12-26 18:51:00 [ERROR] Process failed during shutdown
2024-12-26 18:52:00 [DEBUG] Investigating failure
2024-12-26 18:53:00 [INFO] Process shutdown completed
2024-12-26 18:54:00 [WARN] High CPU usage
2024-12-26 18:55:00 [INFO] Process restarted
2024-12-26 18:56:00 [ERROR] Process failed to start
2024-12-26 18:57:00 [DEBUG] Troubleshooting startup issue
2024-12-26 18:58:00 [INFO] Process started successfully
2024-12-26 18:59:00 [WARN] Low memory
2024-12-26 18:30:00 [INFO] Starting process
2024-12-26 18:31:00 [ERROR] Process failed
2024-12-26 18:32:00 [DEBUG] Retrying process
2024-12-26 18:33:00 [INFO] Process started
2024-12-26 18:34:00 [WARN] Potential issue detected
2024-12-26 18:35:00 [INFO] Process completed
2024-12-26 18:36:00 [ERROR] Process failed again
2024-12-26 18:37:00 [DEBUG] Debugging process
2024-12-26 18:38:00 [INFO] Process restarted
2024-12-26 18:39:00 [WARN] Issue resolved
2024-12-26 18:40:00 [INFO] Process terminated
2024-12-26 18:41:00 [ERROR] Process encountered an error
2024-12-26 18:42:00 [DEBUG] Analyzing error
2024-12-26 18:43:00 [INFO] Process resumed
2024-12-26 18:44:00 [WARN] Low disk space
2024-12-26 18:45:00 [INFO] Process running smoothly
2024-12-26 18:46:00 [ERROR] Process crashed
2024-12-26 18:47:00 [DEBUG] Restarting process
2024-12-26 18:48:00 [INFO] Process up and running
2024-12-26 18:49:00 [WARN] High memory usage
2024-12-26 18:50:00 [INFO] Process completed successfully
2024-12-26 18:51:00 [ERROR] Process failed during shutdown
2024-12-26 18:52:00 [DEBUG] Investigating failure
2024-12-26 18:53:00 [INFO] Process shutdown completed
2024-12-26 18:54:00 [WARN] High CPU usage
2024-12-26 18:55:00 [INFO] Process restarted
2024-12-26 18:56:00 [ERROR] Process failed to start
2024-12-26 18:57:00 [DEBUG] Troubleshooting startup issue
2024-12-26 18:58:00 [INFO] Process started successfully
2024-12-26 18:59:00 [WARN] Low memory
2024-12-26 18:30:00 [INFO] Starting process
2024-12-26 18:31:00 [ERROR] Process failed
2024-12-26 18:32:00 [DEBUG] Retrying process
2024-12-26 18:33:00 [INFO] Process started
2024-12-26 18:34:00 [WARN] Potential issue detected
2024-12-26 18:35:00 [INFO] Process completed
2024-12-26 18:36:00 [ERROR] Process failed again
2024-12-26 18:37:00 [DEBUG] Debugging process
2024-12-26 18:38:00 [INFO] Process restarted
2024-12-26 18:39:00 [WARN] Issue resolved
2024-12-26 18:40:00 [INFO] Process terminated
2024-12-26 18:41:00 [ERROR] Process encountered an error
2024-12-26 18:42:00 [DEBUG] Analyzing error
2024-12-26 18:43:00 [INFO] Process resumed
2024-12-26 18:44:00 [WARN] Low disk space
2024-12-26 18:45:00 [INFO] Process running smoothly
2024-12-26 18:46:00 [ERROR] Process crashed
2024-12-26 18:47:00 [DEBUG] Restarting process
2024-12-26 18:48:00 [INFO] Process up and running
2024-12-26 18:49:00 [WARN] High memory usage
2024-12-26 18:50:00 [INFO] Process completed successfully
2024-12-26 18:51:00 [ERROR] Process failed during shutdown
2024-12-26 18:52:00 [DEBUG] Investigating failure
2024-12-26 18:53:00 [INFO] Process shutdown completed
2024-12-26 18:54:00 [WARN] High CPU usage
2024-12-26 18:55:00 [INFO] Process restarted
2024-12-26 18:56:00 [ERROR] Process failed to start
2024-12-26 18:57:00 [DEBUG] Troubleshooting startup issue
2024-12-26 18:58:00 [INFO] Process started successfully
2024-12-26 18:59:00 [WARN] Low memory
2024-12-26 18:30:00 [INFO] Starting process
2024-12-26 18:31:00 [ERROR] Process failed
2024-12-26 18:32:00 [DEBUG] Retrying process
2024-12-26 18:33:00 [INFO] Process started
2024-12-26 18:34:00 [WARN] Potential issue detected
2024-12-26 18:35:00 [INFO] Process completed
2024-12-26 18:36:00 [ERROR] Process failed again
2024-12-26 18:37:00 [DEBUG] Debugging process
2024-12-26 18:38:00 [INFO] Process restarted
2024-12-26 18:39:00 [WARN] Issue resolved
2024-12-26 18:40:00 [INFO] Process terminated
2024-12-26 18:41:00 [ERROR] Process encountered an error
2024-12-26 18:42:00 [DEBUG] Analyzing error
2024-12-26 18:43:00 [INFO] Process resumed
2024-12-26 18:44:00 [WARN] Low disk space
2024-12-26 18:45:00 [INFO] Process running smoothly
2024-12-26 18:46:00 [ERROR] Process crashed
2024-12-26 18:47:00 [DEBUG] Restarting process
2024-12-26 18:48:00 [INFO] Process up and running
2024-12-26 18:49:00 [WARN] High memory usage
2024-12-26 18:50:00 [INFO] Process completed successfully
2024-12-26 18:51:00 [ERROR] Process failed during shutdown
2024-12-26 18:52:00 [DEBUG] Investigating failure
2024-12-26 18:53:00 [INFO] Process shutdown completed
2024-12-26 18:54:00 [WARN] High CPU usage
2024-12-26 18:55:00 [INFO] Process restarted
2024-12-26 18:56:00 [ERROR] Process failed to start
2024-12-26 18:57:00 [DEBUG] Troubleshooting startup issue
2024-12-26 18:58:00 [INFO] Process started successfully
2024-12-26 18:59:00 [WARN] Low memory
2024-12-26 18:30:00 [INFO] Starting process
2024-12-26 18:31:00 [ERROR] Process failed
2024-12-26 18:32:00 [DEBUG] Retrying process
2024-12-26 18:33:00 [INFO] Process started
2024-12-26 18:34:00 [WARN] Potential issue detected
2024-12-26 18:35:00 [INFO] Process completed
2024-12-26 18:36:00 [ERROR] Process failed again
2024-12-26 18:37:00 [DEBUG] Debugging process
2024-12-26 18:38:00 [INFO] Process restarted
2024-12-26 18:39:00 [WARN] Issue resolved
2024-12-26 18:40:00 [INFO] Process terminated
2024-12-26 18:41:00 [ERROR] Process encountered an error
2024-12-26 18:42:00 [DEBUG] Analyzing error
2024-12-26 18:43:00 [INFO] Process resumed
2024-12-26 18:44:00 [WARN] Low disk space
2024-12-26 18:45:00 [INFO] Process running smoothly
2024-12-26 18:46:00 [ERROR] Process crashed
2024-12-26 18:47:00 [DEBUG] Restarting process
2024-12-26 18:48:00 [INFO] Process up and running
2024-12-26 18:49:00 [WARN] High memory usage
2024-12-26 18:50:00 [INFO] Process completed successfully
2024-12-26 18:51:00 [ERROR] Process failed during shutdown
2024-12-26 18:52:00 [DEBUG] Investigating failure
2024-12-26 18:53:00 [INFO] Process shutdown completed
2024-12-26 18:54:00 [WARN] High CPU usage
2024-12-26 18:55:00 [INFO] Process restarted
2024-12-26 18:56:00 [ERROR] Process failed to start
2024-12-26 18:57:00 [DEBUG] Troubleshooting startup issue
2024-12-26 18:58:00 [INFO] Process started successfully
2024-12-26 18:59:00 [WARN] Low memory
2024-12-26 18:30:00 [INFO] Starting process
2024-12-26 18:31:00 [ERROR] Process failed
2024-12-26 18:32:00 [DEBUG] Retrying process
2024-12-26 18:33:00 [INFO] Process started
2024-12-26 18:34:00 [WARN] Potential issue detected
2024-12-26 18:35:00 [INFO] Process completed
2024-12-26 18:36:00 [ERROR] Process failed again
2024-12-26 18:37:00 [DEBUG] Debugging process
2024-12-26 18:38:00 [INFO] Process restarted
2024-12-26 18:39:00 [WARN] Issue resolved
2024-12-26 18:40:00 [INFO] Process terminated
2024-12-26 18:41:00 [ERROR] Process encountered an error
2024-12-26 18:42:00 [DEBUG] Analyzing error
2024-12-26 18:43:00 [INFO] Process resumed
2024-12-26 18:44:00 [WARN] Low disk space
2024-12-26 18:45:00 [INFO] Process running smoothly
2024-12-26 18:46:00 [ERROR] Process crashed
2024-12-26 18:47:00 [DEBUG] Restarting process
2024-12-26 18:48:00 [INFO] Process up and running
2024-12-26 18:49:00 [WARN] High memory usage
2024-12-26 18:50:00 [INFO] Process completed successfully
2024-12-26 18:51:00 [ERROR] Process failed during shutdown
2024-12-26 18:52:00 [DEBUG] Investigating failure
2024-12-26 18:53:00 [INFO] Process shutdown completed
2024-12-26 18:54:00 [WARN] High CPU usage
2024-12-26 18:55:00 [INFO] Process restarted
2024-12-26 18:56:00 [ERROR] Process failed to start
2024-12-26 18:57:00 [DEBUG] Troubleshooting startup issue
2024-12-26 18:58:00 [INFO] Process started successfully
2024-12-26 18:59:00 [WARN] Low memory
2024-12-26 18:30:00 [INFO] Starting process
2024-12-26 18:31:00 [ERROR] Process failed
2024-12-26 18:32:00 [DEBUG] Retrying process
2024-12-26 18:33:00 [INFO] Process started
2024-12-26 18:34:00 [WARN] Potential issue detected
2024-12-26 18:35:00 [INFO] Process completed
2024-12-26 18:36:00 [ERROR] Process failed again
2024-12-26 18:37:00 [DEBUG] Debugging process
2024-12-26 18:38:00 [INFO] Process restarted
2024-12-26 18:39:00 [WARN] Issue resolved
2024-12-26 18:40:00 [INFO] Process terminated
2024-12-26 18:41:00 [ERROR] Process encountered an error
2024-12-26 18:42:00 [DEBUG] Analyzing error
2024-12-26 18:43:00 [INFO] Process resumed
2024-12-26 18:44:00 [WARN] Low disk space
2024-12-26 18:45:00 [INFO] Process running smoothly
2024-12-26 18:46:00 [ERROR] Process crashed
2024-12-26 18:47:00 [DEBUG] Restarting process
2024-12-26 18:48:00 [INFO] Process up and running
2024-12-26 18:49:00 [WARN] High memory usage
2024-12-26 18:50:00 [INFO] Process completed successfully
2024-12-26 18:51:00 [ERROR] Process failed during shutdown
2024-12-26 18:52:00 [DEBUG] Investigating failure
2024-12-26 18:53:00 [INFO] Process shutdown completed
2024-12-26 18:54:00 [WARN] High CPU usage
2024-12-26 18:55:00 [INFO] Process restarted
2024-12-26 18:56:00 [ERROR] Process failed to start
2024-12-26 18:57:00 [DEBUG] Troubleshooting startup issue
2024-12-26 18:58:00 [INFO] Process started successfully
2024-12-26 18:59:00 [WARN] Low memory
2024-12-26 18:30:00 [INFO] Starting process
2024-12-26 18:31:00 [ERROR] Process failed
2024-12-26 18:32:00 [DEBUG] Retrying process
2024-12-26 18:33:00 [INFO] Process started
2024-12-26 18:34:00 [WARN] Potential issue detected
2024-12-26 18:35:00 [INFO] Process completed
2024-12-26 18:36:00 [ERROR] Process failed again
2024-12-26 18:37:00 [DEBUG] Debugging process
2024-12-26 18:38:00 [INFO] Process restarted
2024-12-26 18:39:00 [WARN] Issue resolved
2024-12-26 18:40:00 [INFO] Process terminated
2024-12-26 18:41:00 [ERROR] Process encountered an error
2024-12-26 18:42:00 [DEBUG] Analyzing error
2024-12-26 18:43:00 [INFO] Process resumed
2024-12-26 18:44:00 [WARN] Low disk space
2024-12-26 18:45:00 [INFO] Process running smoothly
2024-12-26 18:46:00 [ERROR] Process crashed
2024-12-26 18:47:00 [DEBUG] Restarting process
2024-12-26 18:48:00 [INFO] Process up and running
2024-12-26 18:49:00 [WARN] High memory usage
2024-12-26 18:50:00 [INFO] Process completed successfully
2024-12-26 18:51:00 [ERROR] Process failed during shutdown
2024-12-26 18:52:00 [DEBUG] Investigating failure
2024-12-26 18:53:00 [INFO] Process shutdown completed
2024-12-26 18:54:00 [WARN] High CPU usage
2024-12-26 18:55:00 [INFO] Process restarted
2024-12-26 18:56:00 [ERROR] Process failed to start
2024-12-26 18:57:00 [DEBUG] Troubleshooting startup issue
2024-12-26 18:58:00 [INFO] Process started successfully
2024-12-26 18:59:00 [WARN] Low memory
2024-12-26 18:30:00 [INFO] Starting process
2024-12-26 18:31:00 [ERROR] Process failed
2024-12-26 18:32:00 [DEBUG] Retrying process
2024-12-26 18:33:00 [INFO] Process started
2024-12-26 18:34:00 [WARN] Potential issue detected
2024-12-26 18:35:00 [INFO] Process completed
2024-12-26 18:36:00 [ERROR] Process failed again
2024-12-26 18:37:00 [DEBUG] Debugging process
2024-12-26 18:38:00 [INFO] Process restarted
2024-12-26 18:39:00 [WARN] Issue resolved
2024-12-26 18:40:00 [INFO] Process terminated
2024-12-26 18:41:00 [ERROR] Process encountered an error
2024-12-26 18:42:00 [DEBUG] Analyzing error
2024-12-26 18:43:00 [INFO] Process resumed
2024-12-26 18:44:00 [WARN] Low disk space
2024-12-26 18:45:00 [INFO] Process running smoothly
2024-12-26 18:46:00 [ERROR] Process crashed
2024-12-26 18:47:00 [DEBUG] Restarting process
2024-12-26 18:48:00 [INFO] Process up and running
2024-12-26 18:49:00 [WARN] High memory usage
2024-12-26 18:50:00 [INFO] Process completed successfully
2024-12-26 18:51:00 [ERROR] Process failed during shutdown
2024-12-26 18:52:00 [DEBUG] Investigating failure
2024-12-26 18:53:00 [INFO] Process shutdown completed
2024-12-26 18:54:00 [WARN] High CPU usage
2024-12-26 18:55:00 [INFO] Process restarted
2024-12-26 18:56:00 [ERROR] Process failed to start
2024-12-26 18:57:00 [DEBUG] Troubleshooting startup issue
2024-12-26 18:58:00 [INFO] Process started successfully
2024-12-26 18:59:00 [WARN] Low memory
2024-12-26 18:30:00 [INFO] Starting process
2024-12-26 18:31:00 [ERROR] Process failed
2024-12-26 18:32:00 [DEBUG] Retrying process
2024-12-26 18:33:00 [INFO] Process started
2024-12-26 18:34:00 [WARN] Potential issue detected
2024-12-26 18:35:00 [INFO] Process completed
2024-12-26 18:36:00 [ERROR] Process failed again
2024-12-26 18:37:00 [DEBUG] Debugging process
2024-12-26 18:38:00 [INFO] Process restarted
2024-12-26 18:39:00 [WARN] Issue resolved
2024-12-26 18:40:00 [INFO] Process terminated
2024-12-26 18:41:00 [ERROR] Process encountered an error
2024-12-26 18:42:00 [DEBUG] Analyzing error
2024-12-26 18:43:00 [INFO] Process resumed
2024-12-26 18:44:00 [WARN] Low disk space
2024-12-26 18:45:00 [INFO] Process running smoothly
2024-12-26 18:46:00 [ERROR] Process crashed
2024-12-26 18:47:00 [DEBUG] Restarting process
2024-12-26 18:48:00 [INFO] Process up and running
2024-12-26 18:49:00 [WARN] High memory usage
2024-12-26 18:50:00 [INFO] Process completed successfully
2024-12-26 18:51:00 [ERROR] Process failed during shutdown
2024-12-26 18:52:00 [DEBUG] Investigating failure
2024-12-26 18:53:00 [INFO] Process shutdown completed
2024-12-26 18:54:00 [WARN] High CPU usage
2024-12-26 18:55:00 [INFO] Process restarted
2024-12-26 18:56:00 [ERROR] Process failed to start
2024-12-26 18:57:00 [DEBUG] Troubleshooting startup issue
2024-12-26 18:58:00 [INFO] Process started successfully
2024-12-26 18:59:00 [WARN] Low memory
2024-12-26 18:30:00 [INFO] Starting process
2024-12-26 18:31:00 [ERROR] Process failed
2024-12-26 18:32:00 [DEBUG] Retrying process
2024-12-26 18:33:00 [INFO] Process started
2024-12-26 18:34:00 [WARN] Potential issue detected
2024-12-26 18:35:00 [INFO] Process completed
2024-12-26 18:36:00 [ERROR] Process failed again
2024-12-26 18:37:00 [DEBUG] Debugging process
2024-12-26 18:38:00 [INFO] Process restarted
2024-12-26 18:39:00 [WARN] Issue resolved
2024-12-26 18:40:00 [INFO] Process terminated
2024-12-26 18:41:00 [ERROR] Process encountered an error
2024-12-26 18:42:00 [DEBUG] Analyzing error
2024-12-26 18:43:00 [INFO] Process resumed
2024-12-26 18:44:00 [WARN] Low disk space
2024-12-26 18:45:00 [INFO] Process running smoothly
2024-12-26 18:46:00 [ERROR] Process crashed
2024-12-26 18:47:00 [DEBUG] Restarting process
2024-12-26 18:48:00 [INFO] Process up and running
2024-12-26 18:49:00 [WARN] High memory usage
2024-12-26 18:50:00 [INFO] Process completed successfully
2024-12-26 18:51:00 [ERROR] Process failed during shutdown
2024-12-26 18:52:00 [DEBUG] Investigating failure
2024-12-26 18:53:00 [INFO] Process shutdown completed
2024-12-26 18:54:00 [WARN] High CPU usage
2024-12-26 18:55:00 [INFO] Process restarted
2024-12-26 18:56:00 [ERROR] Process failed to start
2024-12-26 18:57:00 [DEBUG] Troubleshooting startup issue
2024-12-26 18:58:00 [INFO] Process started successfully
2024-12-26 18:59:00 [WARN] Low memory
2024-12-26 18:30:00 [INFO] Starting process
2024-12-26 18:31:00 [ERROR] Process failed
2024-12-26 18:32:00 [DEBUG] Retrying process
2024-12-26 18:33:00 [INFO] Process started
2024-12-26 18:34:00 [WARN] Potential issue detected
2024-12-26 18:35:00 [INFO] Process completed
2024-12-26 18:36:00 [ERROR] Process failed again
2024-12-26 18:37:00 [DEBUG] Debugging process
2024-12-26 18:38:00 [INFO] Process restarted
2024-12-26 18:39:00 [WARN] Issue resolved
2024-12-26 18:40:00 [INFO] Process terminated
2024-12-26 18:41:00 [ERROR] Process encountered an error
2024-12-26 18:42:00 [DEBUG] Analyzing error
2024-12-26 18:43:00 [INFO] Process resumed
2024-12-26 18:44:00 [WARN] Low disk space
2024-12-26 18:45:00 [INFO] Process running smoothly
2024-12-26 18:46:00 [ERROR] Process crashed
2024-12-26 18:47:00 [DEBUG] Restarting process
2024-12-26 18:48:00 [INFO] Process up and running
2024-12-26 18:49:00 [WARN] High memory usage
2024-12-26 18:50:00 [INFO] Process completed successfully
2024-12-26 18:51:00 [ERROR] Process failed during shutdown
2024-12-26 18:52:00 [DEBUG] Investigating failure
2024-12-26 18:53:00 [INFO] Process shutdown completed
2024-12-26 18:54:00 [WARN] High CPU usage
2024-12-26 18:55:00 [INFO] Process restarted
2024-12-26 18:56:00 [ERROR] Process failed to start
2024-12-26 18:57:00 [DEBUG] Troubleshooting startup issue
2024-12-26 18:58:00 [INFO] Process started successfully
2024-12-26 18:59:00 [WARN] Low memory
2024-12-26 18:30:00 [INFO] Starting process
2024-12-26 18:31:00 [ERROR] Process failed
2024-12-26 18:32:00 [DEBUG] Retrying process
2024-12-26 18:33:00 [INFO] Process started
2024-12-26 18:34:00 [WARN] Potential issue detected
2024-12-26 18:35:00 [INFO] Process completed
2024-12-26 18:36:00 [ERROR] Process failed again
2024-12-26 18:37:00 [DEBUG] Debugging process
2024-12-26 18:38:00 [INFO] Process restarted
2024-12-26 18:39:00 [WARN] Issue resolved
2024-12-26 18:40:00 [INFO] Process terminated
2024-12-26 18:41:00 [ERROR] Process encountered an error
2024-12-26 18:42:00 [DEBUG] Analyzing error
2024-12-26 18:43:00 [INFO] Process resumed
2024-12-26 18:44:00 [WARN] Low disk space
2024-12-26 18:45:00 [INFO] Process running smoothly
2024-12-26 18:46:00 [ERROR] Process crashed
2024-12-26 18:47:00 [DEBUG] Restarting process
2024-12-26 18:48:00 [INFO] Process up and running
2024-12-26 18:49:00 [WARN] High memory usage
2024-12-26 18:50:00 [INFO] Process completed successfully
2024-12-26 18:51:00 [ERROR] Process failed during shutdown
2024-12-26 18:52:00 [DEBUG] Investigating failure
2024-12-26 18:53:00 [INFO] Process shutdown completed
2024-12-26 18:54:00 [WARN] High CPU usage
2024-12-26 18:55:00 [INFO] Process restarted
2024-12-26 18:56:00 [ERROR] Process failed to start
2024-12-26 18:57:00 [DEBUG] Troubleshooting startup issue
2024-12-26 18:58:00 [INFO] Process started successfully
2024-12-26 18:59:00 [WARN] Low memory
2024-12-26 18:30:00 [INFO] Starting process
2024-12-26 18:31:00 [ERROR] Process failed
2024-12-26 18:32:00 [DEBUG] Retrying process
2024-12-26 18:33:00 [INFO] Process started
2024-12-26 18:34:00 [WARN] Potential issue detected
2024-12-26 18:35:00 [INFO] Process completed
2024-12-26 18:36:00 [ERROR] Process failed again
2024-12-26 18:37:00 [DEBUG] Debugging process
2024-12-26 18:38:00 [INFO] Process restarted
2024-12-26 18:39:00 [WARN] Issue resolved
2024-12-26 18:40:00 [INFO] Process terminated
2024-12-26 18:41:00 [ERROR] Process encountered an error
2024-12-26 18:42:00 [DEBUG] Analyzing error
2024-12-26 18:43:00 [INFO] Process resumed
2024-12-26 18:44:00 [WARN] Low disk space
2024-12-26 18:45:00 [INFO] Process running smoothly
2024-12-26 18:46:00 [ERROR] Process crashed
2024-12-26 18:47:00 [DEBUG] Restarting process
2024-12-26 18:48:00 [INFO] Process up and running
2024-12-26 18:49:00 [WARN] High memory usage
2024-12-26 18:50:00 [INFO] Process completed successfully
2024-12-26 18:51:00 [ERROR] Process failed during shutdown
2024-12-26 18:52:00 [DEBUG] Investigating failure
2024-12-26 18:53:00 [INFO] Process shutdown completed
2024-12-26 18:54:00 [WARN] High CPU usage
2024-12-26 18:55:00 [INFO] Process restarted
2024-12-26 18:56:00 [ERROR] Process failed to start
2024-12-26 18:57:00 [DEBUG] Troubleshooting startup issue
2024-12-26 18:58:00 [INFO] Process started successfully
2024-12-26 18:59:00 [WARN] Low memory
2024-12-26 18:30:00 [INFO] Starting process
2024-12-26 18:31:00 [ERROR] Process failed
2024-12-26 18:32:00 [DEBUG] Retrying process
2024-12-26 18:33:00 [INFO] Process started
2024-12-26 18:34:00 [WARN] Potential issue detected
2024-12-26 18:35:00 [INFO] Process completed
2024-12-26 18:36:00 [ERROR] Process failed again
2024-12-26 18:37:00 [DEBUG] Debugging process
2024-12-26 18:38:00 [INFO] Process restarted
2024-12-26 18:39:00 [WARN] Issue resolved
2024-12-26 18:40:00 [INFO] Process terminated
2024-12-26 18:41:00 [ERROR] Process encountered an error
2024-12-26 18:42:00 [DEBUG] Analyzing error
2024-12-26 18:43:00 [INFO] Process resumed
2024-12-26 18:44:00 [WARN] Low disk space
2024-12-26 18:45:00 [INFO] Process running smoothly
2024-12-26 18:46:00 [ERROR] Process crashed
2024-12-26 18:47:00 [DEBUG] Restarting process
2024-12-26 18:48:00 [INFO] Process up and running
2024-12-26 18:49:00 [WARN] High memory usage
2024-12-26 18:50:00 [INFO] Process completed successfully
2024-12-26 18:51:00 [ERROR] Process failed during shutdown
2024-12-26 18:52:00 [DEBUG] Investigating failure
2024-12-26 18:53:00 [INFO] Process shutdown completed
2024-12-26 18:54:00 [WARN] High CPU usage
2024-12-26 18:55:00 [INFO] Process restarted
2024-12-26 18:56:00 [ERROR] Process failed to start
2024-12-26 18:57:00 [DEBUG] Troubleshooting startup issue
2024-12-26 18:58:00 [INFO] Process started successfully
2024-12-26 18:59:00 [WARN] Low memory
2024-12-26 18:30:00 [INFO] Starting process
2024-12-26 18:31:00 [ERROR] Process failed
2024-12-26 18:32:00 [DEBUG] Retrying process
2024-12-26 18:33:00 [INFO] Process started
2024-12-26 18:34:00 [WARN] Potential issue detected
2024-12-26 18:35:00 [INFO] Process completed
2024-12-26 18:36:00 [ERROR] Process failed again
2024-12-26 18:37:00 [DEBUG] Debugging process
2024-12-26 18:38:00 [INFO] Process restarted
2024-12-26 18:39:00 [WARN] Issue resolved
2024-12-26 18:40:00 [INFO] Process terminated
2024-12-26 18:41:00 [ERROR] Process encountered an error
2024-12-26 18:42:00 [DEBUG] Analyzing error
2024-12-26 18:43:00 [INFO] Process resumed
2024-12-26 18:44:00 [WARN] Low disk space
2024-12-26 18:45:00 [INFO] Process running smoothly
2024-12-26 18:46:00 [ERROR] Process crashed
2024-12-26 18:47:00 [DEBUG] Restarting process
2024-12-26 18:48:00 [INFO] Process up and running
2024-12-26 18:49:00 [WARN] High memory usage
2024-12-26 18:50:00 [INFO] Process completed successfully
2024-12-26 18:51:00 [ERROR] Process failed during shutdown
2024-12-26 18:52:00 [DEBUG] Investigating failure
2024-12-26 18:53:00 [INFO] Process shutdown completed
2024-12-26 18:54:00 [WARN] High CPU usage
2024-12-26 18:55:00 [INFO] Process restarted
2024-12-26 18:56:00 [ERROR] Process failed to start
2024-12-26 18:57:00 [DEBUG] Troubleshooting startup issue
2024-12-26 18:58:00 [INFO] Process started successfully
2024-12-26 18:59:00 [WARN] Low memory
2024-12-26 18:30:00 [INFO] Starting process
2024-12-26 18:31:00 [ERROR] Process failed
2024-12-26 18:32:00 [DEBUG] Retrying process
2024-12-26 18:33:00 [INFO] Process started
2024-12-26 18:34:00 [WARN] Potential issue detected
2024-12-26 18:35:00 [INFO] Process completed
2024-12-26 18:36:00 [ERROR] Process failed again
2024-12-26 18:37:00 [DEBUG] Debugging process
2024-12-26 18:38:00 [INFO] Process restarted
2024-12-26 18:39:00 [WARN] Issue resolved
2024-12-26 18:40:00 [INFO] Process terminated
2024-12-26 18:41:00 [ERROR] Process encountered an error
2024-12-26 18:42:00 [DEBUG] Analyzing error
2024-12-26 18:43:00 [INFO] Process resumed
2024-12-26 18:44:00 [WARN] Low disk space
2024-12-26 18:45:00 [INFO] Process running smoothly
2024-12-26 18:46:00 [ERROR] Process crashed
2024-12-26 18:47:00 [DEBUG] Restarting process
2024-12-26 18:48:00 [INFO] Process up and running
2024-12-26 18:49:00 [WARN] High memory usage
2024-12-26 18:50:00 [INFO] Process completed successfully
2024-12-26 18:51:00 [ERROR] Process failed during shutdown
2024-12-26 18:52:00 [DEBUG] Investigating failure
2024-12-26 18:53:00 [INFO] Process shutdown completed
2024-12-26 18:54:00 [WARN] High CPU usage
2024-12-26 18:55:00 [INFO] Process restarted
2024-12-26 18:56:00 [ERROR] Process failed to start
2024-12-26 18:57:00 [DEBUG] Troubleshooting startup issue
2024-12-26 18:58:00 [INFO] Process started successfully
2024-12-26 18:59:00 [WARN] Low memory
2024-12-26 18:30:00 [INFO] Starting process
2024-12-26 18:31:00 [ERROR] Process failed
2024-12-26 18:32:00 [DEBUG] Retrying process
2024-12-26 18:33:00 [INFO] Process started
2024-12-26 18:34:00 [WARN] Potential issue detected
2024-12-26 18:35:00 [INFO] Process completed
2024-12-26 18:36:00 [ERROR] Process failed again
2024-12-26 18:37:00 [DEBUG] Debugging process
2024-12-26 18:38:00 [INFO] Process restarted
2024-12-26 18:39:00 [WARN] Issue resolved
2024-12-26 18:40:00 [INFO] Process terminated
2024-12-26 18:41:00 [ERROR] Process encountered an error
2024-12-26 18:42:00 [DEBUG] Analyzing error
2024-12-26 18:43:00 [INFO] Process resumed
2024-12-26 18:44:00 [WARN] Low disk space
2024-12-26 18:45:00 [INFO] Process running smoothly
2024-12-26 18:46:00 [ERROR] Process crashed
2024-12-26 18:47:00 [DEBUG] Restarting process
2024-12-26 18:48:00 [INFO] Process up and running
2024-12-26 18:49:00 [WARN] High memory usage
2024-12-26 18:50:00 [INFO] Process completed successfully
2024-12-26 18:51:00 [ERROR] Process failed during shutdown
2024-12-26 18:52:00 [DEBUG] Investigating failure
2024-12-26 18:53:00 [INFO] Process shutdown completed
2024-12-26 18:54:00 [WARN] High CPU usage
2024-12-26 18:55:00 [INFO] Process restarted
2024-12-26 18:56:00 [ERROR] Process failed to start
2024-12-26 18:57:00 [DEBUG] Troubleshooting startup issue
2024-12-26 18:58:00 [INFO] Process started successfully
2024-12-26 18:59:00 [WARN] Low memory
2024-12-26 18:30:00 [INFO] Starting process
2024-12-26 18:31:00 [ERROR] Process failed
2024-12-26 18:32:00 [DEBUG] Retrying process
2024-12-26 18:33:00 [INFO] Process started
2024-12-26 18:34:00 [WARN] Potential issue detected
2024-12-26 18:35:00 [INFO] Process completed
2024-12-26 18:36:00 [ERROR] Process failed again
2024-12-26 18:37:00 [DEBUG] Debugging process
2024-12-26 18:38:00 [INFO] Process restarted
2024-12-26 18:39:00 [WARN] Issue resolved
2024-12-26 18:40:00 [INFO] Process terminated
2024-12-26 18:41:00 [ERROR] Process encountered an error
2024-12-26 18:42:00 [DEBUG] Analyzing error
2024-12-26 18:43:00 [INFO] Process resumed
2024-12-26 18:44:00 [WARN] Low disk space
2024-12-26 18:45:00 [INFO] Process running smoothly
2024-12-26 18:46:00 [ERROR] Process crashed
2024-12-26 18:47:00 [DEBUG] Restarting process
2024-12-26 18:48:00 [INFO] Process up and running
2024-12-26 18:49:00 [WARN] High memory usage
2024-12-26 18:50:00 [INFO] Process completed successfully
2024-12-26 18:51:00 [ERROR] Process failed during shutdown
2024-12-26 18:52:00 [DEBUG] Investigating failure
2024-12-26 18:53:00 [INFO] Process shutdown completed
2024-12-26 18:54:00 [WARN] High CPU usage
2024-12-26 18:55:00 [INFO] Process restarted
2024-12-26 18:56:00 [ERROR] Process failed to start
2024-12-26 18:57:00 [DEBUG] Troubleshooting startup issue
2024-12-26 18:58:00 [INFO] Process started successfully
2024-12-26 18:59:00 [WARN] Low memory
2024-12-26 18:30:00 [INFO] Starting process
2024-12-26 18:31:00 [ERROR] Process failed
2024-12-26 18:32:00 [DEBUG] Retrying process
2024-12-26 18:33:00 [INFO] Process started
2024-12-26 18:34:00 [WARN] Potential issue detected
2024-12-26 18:35:00 [INFO] Process completed
2024-12-26 18:36:00 [ERROR] Process failed again
2024-12-26 18:37:00 [DEBUG] Debugging process
2024-12-26 18:38:00 [INFO] Process restarted
2024-12-26 18:39:00 [WARN] Issue resolved
2024-12-26 18:40:00 [INFO] Process terminated
2024-12-26 18:41:00 [ERROR] Process encountered an error
2024-12-26 18:42:00 [DEBUG] Analyzing error
2024-12-26 18:43:00 [INFO] Process resumed
2024-12-26 18:44:00 [WARN] Low disk space
2024-12-26 18:45:00 [INFO] Process running smoothly
2024-12-26 18:46:00 [ERROR] Process crashed
2024-12-26 18:47:00 [DEBUG] Restarting process
2024-12-26 18:48:00 [INFO] Process up and running
2024-12-26 18:49:00 [WARN] High memory usage
2024-12-26 18:50:00 [INFO] Process completed successfully
2024-12-26 18:51:00 [ERROR] Process failed during shutdown
2024-12-26 18:52:00 [DEBUG] Investigating failure
2024-12-26 18:53:00 [INFO] Process shutdown completed
2024-12-26 18:54:00 [WARN] High CPU usage
2024-12-26 18:55:00 [INFO] Process restarted
2024-12-26 18:56:00 [ERROR] Process failed to start
2024-12-26 18:57:00 [DEBUG] Troubleshooting startup issue
2024-12-26 18:58:00 [INFO] Process started successfully
2024-12-26 18:59:00 [WARN] Low memory
